<?xml version="1.0" encoding="UTF-8"?>
<!-- Generated by org.testng.reporters.JUnitReportReporter -->
<testsuite skipped="0" hostname="PC11325" name="TripTest.TestTripPlanner" tests="1" failures="0" timestamp="06 Nov 2017 01:08:24 GMT" time="2.869" errors="0">
  <testcase name="checkTrips" time="2.869" classname="TripTest.TestTripPlanner"/>
</testsuite> <!-- TripTest.TestTripPlanner -->
